###############################################################################
#                                                                             #
# IAR C/C++ Compiler V8.10.3.10338/W32 for 8051         25/Jun/2023  16:55:15 #
# Copyright 2004-2011 IAR Systems AB.                                         #
#                                                                             #
#    Core               =  plain                                              #
#    Code model         =  banked                                             #
#    Data model         =  large                                              #
#    Calling convention =  xdata reentrant                                    #
#    Constant location  =  data_rom                                           #
#    Dptr setup         =  1,16                                               #
#    Source file        =  C:\Users\¿Ÿ—≈\Desktop\stm32\ZStack-2.5.1a\Projects #
#                          \zstack\Samples\SampleApp\Source\ADC.c             #
#    Command line       =  -f C:\Users\¿Ÿ—≈\Desktop\stm32\ZStack-2.5.1a\Proje #
#                          cts\zstack\Samples\SampleApp\CC2530DB\..\..\..\Too #
#                          ls\CC2530DB\f8wCoord.cfg (-DCPU32MHZ               #
#                          -DROOT=__near_func -DMAC_CFG_APP_PENDING_QUEUE=TRU #
#                          E -DMAC_CFG_TX_DATA_MAX=5 -DMAC_CFG_TX_MAX=8       #
#                          -DMAC_CFG_RX_MAX=5 -DZDO_COORDINATOR -DRTR_NWK)    #
#                          -f C:\Users\¿Ÿ—≈\Desktop\stm32\ZStack-2.5.1a\Proje #
#                          cts\zstack\Samples\SampleApp\CC2530DB\..\..\..\Too #
#                          ls\CC2530DB\f8wConfig.cfg (-DZIGBEEPRO -DSECURE=0  #
#                          -DZG_SECURE_DYNAMIC=0 -DREFLECTOR                  #
#                          -DDEFAULT_CHANLIST=0x00000800                      #
#                          -DZDAPP_CONFIG_PAN_ID=0xFFF1                       #
#                          -DNWK_START_DELAY=100 -DEXTENDED_JOINING_RANDOM_MA #
#                          SK=0x007F -DBEACON_REQUEST_DELAY=100               #
#                          -DBEACON_REQ_DELAY_MASK=0x00FF                     #
#                          -DLINK_STATUS_JITTER_MASK=0x007F                   #
#                          -DROUTE_EXPIRY_TIME=30 -DAPSC_ACK_WAIT_DURATION_PO #
#                          LLED=3000 -DNWK_INDIRECT_MSG_TIMEOUT=7             #
#                          -DMAX_RREQ_ENTRIES=8 -DAPSC_MAX_FRAME_RETRIES=3    #
#                          -DNWK_MAX_DATA_RETRIES=2                           #
#                          -DMAX_POLL_FAILURE_RETRIES=2 -DMAX_BCAST=9         #
#                          -DAPS_MAX_GROUPS=16 -DMAX_RTG_ENTRIES=40           #
#                          -DNWK_MAX_BINDING_ENTRIES=4                        #
#                          -DMAX_BINDING_CLUSTER_IDS=4 "-DDEFAULT_KEY={0x01,  #
#                          0x03, 0x05, 0x07, 0x09, 0x0B, 0x0D, 0x0F, 0x00,    #
#                          0x02, 0x04, 0x06, 0x08, 0x0A, 0x0C, 0x0D}"         #
#                          -DMAC_MAX_FRAME_SIZE=116                           #
#                          -DZDNWKMGR_MIN_TRANSMISSIONS=20 "-DCONST=const     #
#                          __code" -DGENERIC=__generic                        #
#                          -DRFD_RCVC_ALWAYS_ON=FALSE -DPOLL_RATE=1000        #
#                          -DQUEUED_POLL_RATE=100 -DRESPONSE_POLL_RATE=100)   #
#                          -DREJOIN_POLL_RATE=440 C:\Users\¿Ÿ—≈\Desktop\stm32 #
#                          \ZStack-2.5.1a\Projects\zstack\Samples\SampleApp\S #
#                          ource\ADC.c -D ZTOOL_P1 -D xMT_TASK -D             #
#                          xMT_SYS_FUNC -D xMT_ZDO_FUNC -D                    #
#                          LCD_SUPPORTED=DEBUG -lC C:\Users\¿Ÿ—≈\Desktop\stm3 #
#                          2\ZStack-2.5.1a\Projects\zstack\Samples\SampleApp\ #
#                          CC2530DB\CoordinatorEB\List\ -lA                   #
#                          C:\Users\¿Ÿ—≈\Desktop\stm32\ZStack-2.5.1a\Projects #
#                          \zstack\Samples\SampleApp\CC2530DB\CoordinatorEB\L #
#                          ist\ --diag_suppress Pe001,Pa010 -o                #
#                          C:\Users\¿Ÿ—≈\Desktop\stm32\ZStack-2.5.1a\Projects #
#                          \zstack\Samples\SampleApp\CC2530DB\CoordinatorEB\O #
#                          bj\ -e --no_code_motion --debug --core=plain       #
#                          --dptr=16,1 --data_model=large                     #
#                          --code_model=banked --calling_convention=xdata_ree #
#                          ntrant --place_constants=data_rom                  #
#                          --nr_virtual_regs 16 -I C:\Users\¿Ÿ—≈\Desktop\stm3 #
#                          2\ZStack-2.5.1a\Projects\zstack\Samples\SampleApp\ #
#                          CC2530DB\ -I C:\Users\¿Ÿ—≈\Desktop\stm32\ZStack-2. #
#                          5.1a\Projects\zstack\Samples\SampleApp\CC2530DB\.. #
#                          \Source\ -I C:\Users\¿Ÿ—≈\Desktop\stm32\ZStack-2.5 #
#                          .1a\Projects\zstack\Samples\SampleApp\CC2530DB\..\ #
#                          ..\..\ZMain\TI2530DB\ -I                           #
#                          C:\Users\¿Ÿ—≈\Desktop\stm32\ZStack-2.5.1a\Projects #
#                          \zstack\Samples\SampleApp\CC2530DB\..\..\..\..\..\ #
#                          Components\hal\include\ -I                         #
#                          C:\Users\¿Ÿ—≈\Desktop\stm32\ZStack-2.5.1a\Projects #
#                          \zstack\Samples\SampleApp\CC2530DB\..\..\..\..\..\ #
#                          Components\hal\target\CC2530EB\ -I                 #
#                          C:\Users\¿Ÿ—≈\Desktop\stm32\ZStack-2.5.1a\Projects #
#                          \zstack\Samples\SampleApp\CC2530DB\..\..\..\..\..\ #
#                          Components\mac\include\ -I                         #
#                          C:\Users\¿Ÿ—≈\Desktop\stm32\ZStack-2.5.1a\Projects #
#                          \zstack\Samples\SampleApp\CC2530DB\..\..\..\..\..\ #
#                          Components\mac\high_level\ -I                      #
#                          C:\Users\¿Ÿ—≈\Desktop\stm32\ZStack-2.5.1a\Projects #
#                          \zstack\Samples\SampleApp\CC2530DB\..\..\..\..\..\ #
#                          Components\mac\low_level\srf04\ -I                 #
#                          C:\Users\¿Ÿ—≈\Desktop\stm32\ZStack-2.5.1a\Projects #
#                          \zstack\Samples\SampleApp\CC2530DB\..\..\..\..\..\ #
#                          Components\mac\low_level\srf04\single_chip\ -I     #
#                          C:\Users\¿Ÿ—≈\Desktop\stm32\ZStack-2.5.1a\Projects #
#                          \zstack\Samples\SampleApp\CC2530DB\..\..\..\..\..\ #
#                          Components\mt\ -I C:\Users\¿Ÿ—≈\Desktop\stm32\ZSta #
#                          ck-2.5.1a\Projects\zstack\Samples\SampleApp\CC2530 #
#                          DB\..\..\..\..\..\Components\osal\include\ -I      #
#                          C:\Users\¿Ÿ—≈\Desktop\stm32\ZStack-2.5.1a\Projects #
#                          \zstack\Samples\SampleApp\CC2530DB\..\..\..\..\..\ #
#                          Components\services\saddr\ -I                      #
#                          C:\Users\¿Ÿ—≈\Desktop\stm32\ZStack-2.5.1a\Projects #
#                          \zstack\Samples\SampleApp\CC2530DB\..\..\..\..\..\ #
#                          Components\services\sdata\ -I                      #
#                          C:\Users\¿Ÿ—≈\Desktop\stm32\ZStack-2.5.1a\Projects #
#                          \zstack\Samples\SampleApp\CC2530DB\..\..\..\..\..\ #
#                          Components\stack\af\ -I C:\Users\¿Ÿ—≈\Desktop\stm3 #
#                          2\ZStack-2.5.1a\Projects\zstack\Samples\SampleApp\ #
#                          CC2530DB\..\..\..\..\..\Components\stack\nwk\ -I   #
#                          C:\Users\¿Ÿ—≈\Desktop\stm32\ZStack-2.5.1a\Projects #
#                          \zstack\Samples\SampleApp\CC2530DB\..\..\..\..\..\ #
#                          Components\stack\sapi\ -I                          #
#                          C:\Users\¿Ÿ—≈\Desktop\stm32\ZStack-2.5.1a\Projects #
#                          \zstack\Samples\SampleApp\CC2530DB\..\..\..\..\..\ #
#                          Components\stack\sec\ -I                           #
#                          C:\Users\¿Ÿ—≈\Desktop\stm32\ZStack-2.5.1a\Projects #
#                          \zstack\Samples\SampleApp\CC2530DB\..\..\..\..\..\ #
#                          Components\stack\sys\ -I                           #
#                          C:\Users\¿Ÿ—≈\Desktop\stm32\ZStack-2.5.1a\Projects #
#                          \zstack\Samples\SampleApp\CC2530DB\..\..\..\..\..\ #
#                          Components\stack\zdo\ -I                           #
#                          C:\Users\¿Ÿ—≈\Desktop\stm32\ZStack-2.5.1a\Projects #
#                          \zstack\Samples\SampleApp\CC2530DB\..\..\..\..\..\ #
#                          Components\zmac\ -I C:\Users\¿Ÿ—≈\Desktop\stm32\ZS #
#                          tack-2.5.1a\Projects\zstack\Samples\SampleApp\CC25 #
#                          30DB\..\..\..\..\..\Components\zmac\f8w\ -Ohz      #
#    List file          =  C:\Users\¿Ÿ—≈\Desktop\stm32\ZStack-2.5.1a\Projects #
#                          \zstack\Samples\SampleApp\CC2530DB\CoordinatorEB\L #
#                          ist\ADC.lst                                        #
#    Object file        =  C:\Users\¿Ÿ—≈\Desktop\stm32\ZStack-2.5.1a\Projects #
#                          \zstack\Samples\SampleApp\CC2530DB\CoordinatorEB\O #
#                          bj\ADC.r51                                         #
#                                                                             #
#                                                                             #
###############################################################################

C:\Users\¿Ÿ—≈\Desktop\stm32\ZStack-2.5.1a\Projects\zstack\Samples\SampleApp\Source\ADC.c
      1          #include "ADC.h"

   \                                 In  segment SFR_AN, at 0x80
   \   union <unnamed> volatile __sfr _A_P0
   \                     _A_P0:
   \   000000                DS 1

   \                                 In  segment SFR_AN, at 0x88
   \   union <unnamed> volatile __sfr _A_TCON
   \                     _A_TCON:
   \   000000                DS 1

   \                                 In  segment SFR_AN, at 0xb6
   \   unsigned char volatile __sfr ADCCON3
   \                     ADCCON3:
   \   000000                DS 1

   \                                 In  segment SFR_AN, at 0xba
   \   unsigned char volatile __sfr ADCL
   \                     ADCL:
   \   000000                DS 1

   \                                 In  segment SFR_AN, at 0xbb
   \   unsigned char volatile __sfr ADCH
   \                     ADCH:
   \   000000                DS 1

   \                                 In  segment SFR_AN, at 0xf2
   \   unsigned char volatile __sfr APCFG
   \                     APCFG:
   \   000000                DS 1

   \                                 In  segment SFR_AN, at 0xf3
   \   unsigned char volatile __sfr P0SEL
   \                     P0SEL:
   \   000000                DS 1

   \                                 In  segment SFR_AN, at 0xfd
   \   unsigned char volatile __sfr P0DIR
   \                     P0DIR:
   \   000000                DS 1
      2          

   \                                 In  segment BANKED_CODE, align 1, keep-with-next
      3          void Init_ADC0(void)
   \                     Init_ADC0:
      4          {
   \   000000                ; Saved register size: 0
   \   000000                ; Auto size: 0
      5              P0SEL  |= 0x01; 
   \   000000   43F301       ORL     0xf3,#0x1
      6              P0DIR  &= ~0x01; 
   \   000003   53FDFE       ANL     0xfd,#0xfe
      7              APCFG  |= 0x01;        //p0_0‘ –Ì π”√ƒ£ƒ‚IO,ºÏ≤‚µÁ—π”…¥ÀºÏ≤‚µÁ¡ø
   \   000006   43F201       ORL     0xf2,#0x1
      8          }
   \   000009   02....       LJMP    ?BRET
   \   00000C                REQUIRE P0SEL
   \   00000C                REQUIRE P0DIR
   \   00000C                REQUIRE APCFG
      9          

   \                                 In  segment BANKED_CODE, align 1, keep-with-next
     10          void Init_P06(void)
   \                     Init_P06:
     11          {
   \   000000                ; Saved register size: 0
   \   000000                ; Auto size: 0
     12              P0SEL  |= 0x40; 
   \   000000   43F340       ORL     0xf3,#0x40
     13              P0DIR  &= ~0x40; 
   \   000003   53FDBF       ANL     0xfd,#0xbf
     14              
     15          }
   \   000006   02....       LJMP    ?BRET
   \   000009                REQUIRE P0SEL
   \   000009                REQUIRE P0DIR
     16          

   \                                 In  segment BANKED_CODE, align 1, keep-with-next
     17          uint16 Get_ADC(void)
   \                     Get_ADC:
     18          {
   \   000000                ; Saved register size: 2
   \   000000                ; Auto size: 0
     19              uint16 value;
     20          
     21              ADCIF = 0;            //«ÂADC ÷–∂œ±Í÷æ,≤…”√ª˘◊ºµÁ—πavdd5:3.3V£¨Õ®µ¿0£¨∆Ù∂ØAD◊™ªØ
   \   000000   C28D         CLR     0x88.5
     22          
     23              ADCCON3 = (0x80 | 0x10 | 0x00);
   \   000002   75B690       MOV     0xb6,#-0x70
     24          
     25              while ( !ADCIF )
   \                     ??Get_ADC_0:
   \   000005   A28D         MOV     C,0x88.5
   \   000007   50FC         JNC     ??Get_ADC_0
     26              {
     27          		
     28                ;  //µ»¥˝AD◊™ªØΩ· ¯
     29          	
     30              }
     31          
     32              value = ADCH;
   \   000009   E5BB         MOV     A,0xbb
     33          
     34              value = value<< 8;
     35          
     36              value |= ADCL;              // AD÷µ◊™ªØ≥…µÁ—π÷µ,0 ±Ì æ 0V £¨32768 ±Ì æ 3.3V
     37          	
     38          //    value = (value * 330);      //µÁ—π÷µ = (value*3.3)/32768 £®V)
     39          //
     40          //    value = value >> 15;        // ≥˝“‘32768
     41          	
     42              return value;       // ∑µªÿ∑÷±Ê¬ Œ™0.01VµƒµÁ—π÷µ
   \   00000B   F9           MOV     R1,A
   \   00000C   E5BA         MOV     A,0xba
   \   00000E   FA           MOV     R2,A
   \   00000F   E9           MOV     A,R1
   \   000010   FB           MOV     R3,A
   \   000011   02....       LJMP    ?BRET
   \   000014                REQUIRE _A_TCON
   \   000014                REQUIRE ADCCON3
   \   000014                REQUIRE ADCH
   \   000014                REQUIRE ADCL
     43          	
     44          
     45          }
     46          

   \                                 In  segment BANKED_CODE, align 1, keep-with-next
     47          uint8 Get_P06(void)
   \                     Get_P06:
     48          {
   \   000000                ; Saved register size: 0
   \   000000                ; Auto size: 0
     49              if(P0_6 == 0)
   \   000000   A286         MOV     C,0x80.6
   \   000002   4004         JC      ??Get_P06_0
     50              {
     51                return 0;
   \   000004   7900         MOV     R1,#0x0
   \   000006   8002         SJMP    ??Get_P06_1
     52              }else{
     53                return 1;
   \                     ??Get_P06_0:
   \   000008   7901         MOV     R1,#0x1
   \                     ??Get_P06_1:
   \   00000A   02....       LJMP    ?BRET
   \   00000D                REQUIRE _A_P0
     54              }
     55          }

   \                                 In  segment BANK_RELAYS, align 1
   \                     ??Init_ADC0?relay:
   \   000000   12....       LCALL   ?BDISPATCH
   \   000003   ......       DC24    Init_ADC0

   \                                 In  segment BANK_RELAYS, align 1
   \                     ??Init_P06?relay:
   \   000000   12....       LCALL   ?BDISPATCH
   \   000003   ......       DC24    Init_P06

   \                                 In  segment BANK_RELAYS, align 1
   \                     ??Get_ADC?relay:
   \   000000   12....       LCALL   ?BDISPATCH
   \   000003   ......       DC24    Get_ADC

   \                                 In  segment BANK_RELAYS, align 1
   \                     ??Get_P06?relay:
   \   000000   12....       LCALL   ?BDISPATCH
   \   000003   ......       DC24    Get_P06
     56          
     57          

   Maximum stack usage in bytes:

     Function  ISTACK PSTACK XSTACK
     --------  ------ ------ ------
     Get_ADC       2      0      0
     Get_P06       0      0      0
     Init_ADC0     0      0      0
     Init_P06      0      0      0


   Segment part sizes:

     Function/Label    Bytes
     --------------    -----
     _A_P0                1
     _A_TCON              1
     ADCCON3              1
     ADCL                 1
     ADCH                 1
     APCFG                1
     P0SEL                1
     P0DIR                1
     Init_ADC0           12
     Init_P06             9
     Get_ADC             20
     Get_P06             13
     ??Init_ADC0?relay    6
     ??Init_P06?relay     6
     ??Get_ADC?relay      6
     ??Get_P06?relay      6

 
 54 bytes in segment BANKED_CODE
 24 bytes in segment BANK_RELAYS
  8 bytes in segment SFR_AN
 
 78 bytes of CODE memory
  0 bytes of DATA memory (+ 8 bytes shared)

Errors: none
Warnings: none
