###############################################################################
#                                                                             #
# IAR C/C++ Compiler V8.10.3.10338/W32 for 8051         06/Jun/2023  20:55:49 #
# Copyright 2004-2011 IAR Systems AB.                                         #
#                                                                             #
#    Core               =  plain                                              #
#    Code model         =  banked                                             #
#    Data model         =  large                                              #
#    Calling convention =  xdata reentrant                                    #
#    Constant location  =  data_rom                                           #
#    Dptr setup         =  1,16                                               #
#    Source file        =  C:\Users\蕾雅\Desktop\stm32\ZStack-2.5.1a\Projects #
#                          \zstack\Samples\SampleApp\Source\SampleApp.c       #
#    Command line       =  -f C:\Users\蕾雅\Desktop\stm32\ZStack-2.5.1a\Proje #
#                          cts\zstack\Samples\SampleApp\CC2530DB\..\..\..\Too #
#                          ls\CC2530DB\f8wRouter.cfg (-DCPU32MHZ              #
#                          -DROOT=__near_func -DMAC_CFG_APP_PENDING_QUEUE=TRU #
#                          E -DMAC_CFG_TX_DATA_MAX=5 -DMAC_CFG_TX_MAX=8       #
#                          -DMAC_CFG_RX_MAX=5 -DRTR_NWK) -f                   #
#                          C:\Users\蕾雅\Desktop\stm32\ZStack-2.5.1a\Projects #
#                          \zstack\Samples\SampleApp\CC2530DB\..\..\..\Tools\ #
#                          CC2530DB\f8wConfig.cfg (-DZIGBEEPRO -DSECURE=0     #
#                          -DZG_SECURE_DYNAMIC=0 -DREFLECTOR                  #
#                          -DDEFAULT_CHANLIST=0x00000800                      #
#                          -DZDAPP_CONFIG_PAN_ID=0xFFF1                       #
#                          -DNWK_START_DELAY=100 -DEXTENDED_JOINING_RANDOM_MA #
#                          SK=0x007F -DBEACON_REQUEST_DELAY=100               #
#                          -DBEACON_REQ_DELAY_MASK=0x00FF                     #
#                          -DLINK_STATUS_JITTER_MASK=0x007F                   #
#                          -DROUTE_EXPIRY_TIME=30 -DAPSC_ACK_WAIT_DURATION_PO #
#                          LLED=3000 -DNWK_INDIRECT_MSG_TIMEOUT=7             #
#                          -DMAX_RREQ_ENTRIES=8 -DAPSC_MAX_FRAME_RETRIES=3    #
#                          -DNWK_MAX_DATA_RETRIES=2                           #
#                          -DMAX_POLL_FAILURE_RETRIES=2 -DMAX_BCAST=9         #
#                          -DAPS_MAX_GROUPS=16 -DMAX_RTG_ENTRIES=40           #
#                          -DNWK_MAX_BINDING_ENTRIES=4                        #
#                          -DMAX_BINDING_CLUSTER_IDS=4 "-DDEFAULT_KEY={0x01,  #
#                          0x03, 0x05, 0x07, 0x09, 0x0B, 0x0D, 0x0F, 0x00,    #
#                          0x02, 0x04, 0x06, 0x08, 0x0A, 0x0C, 0x0D}"         #
#                          -DMAC_MAX_FRAME_SIZE=116                           #
#                          -DZDNWKMGR_MIN_TRANSMISSIONS=20 "-DCONST=const     #
#                          __code" -DGENERIC=__generic                        #
#                          -DRFD_RCVC_ALWAYS_ON=FALSE -DPOLL_RATE=1000        #
#                          -DQUEUED_POLL_RATE=100 -DRESPONSE_POLL_RATE=100)   #
#                          -DREJOIN_POLL_RATE=440 C:\Users\蕾雅\Desktop\stm32 #
#                          \ZStack-2.5.1a\Projects\zstack\Samples\SampleApp\S #
#                          ource\SampleApp.c -D ZTOOL_P1 -D xMT_TASK -D       #
#                          xMT_SYS_FUNC -D xMT_ZDO_FUNC -D                    #
#                          LCD_SUPPORTED=DEBUG -lC C:\Users\蕾雅\Desktop\stm3 #
#                          2\ZStack-2.5.1a\Projects\zstack\Samples\SampleApp\ #
#                          CC2530DB\RouterEB\List\ -lA                        #
#                          C:\Users\蕾雅\Desktop\stm32\ZStack-2.5.1a\Projects #
#                          \zstack\Samples\SampleApp\CC2530DB\RouterEB\List\  #
#                          --diag_suppress Pe001,Pa010 -o                     #
#                          C:\Users\蕾雅\Desktop\stm32\ZStack-2.5.1a\Projects #
#                          \zstack\Samples\SampleApp\CC2530DB\RouterEB\Obj\   #
#                          -e --no_code_motion --debug --core=plain           #
#                          --dptr=16,1 --data_model=large                     #
#                          --code_model=banked --calling_convention=xdata_ree #
#                          ntrant --place_constants=data_rom                  #
#                          --nr_virtual_regs 16 -I C:\Users\蕾雅\Desktop\stm3 #
#                          2\ZStack-2.5.1a\Projects\zstack\Samples\SampleApp\ #
#                          CC2530DB\ -I C:\Users\蕾雅\Desktop\stm32\ZStack-2. #
#                          5.1a\Projects\zstack\Samples\SampleApp\CC2530DB\.. #
#                          \Source\ -I C:\Users\蕾雅\Desktop\stm32\ZStack-2.5 #
#                          .1a\Projects\zstack\Samples\SampleApp\CC2530DB\..\ #
#                          ..\..\ZMain\TI2530DB\ -I                           #
#                          C:\Users\蕾雅\Desktop\stm32\ZStack-2.5.1a\Projects #
#                          \zstack\Samples\SampleApp\CC2530DB\..\..\..\..\..\ #
#                          Components\hal\include\ -I                         #
#                          C:\Users\蕾雅\Desktop\stm32\ZStack-2.5.1a\Projects #
#                          \zstack\Samples\SampleApp\CC2530DB\..\..\..\..\..\ #
#                          Components\hal\target\CC2530EB\ -I                 #
#                          C:\Users\蕾雅\Desktop\stm32\ZStack-2.5.1a\Projects #
#                          \zstack\Samples\SampleApp\CC2530DB\..\..\..\..\..\ #
#                          Components\mac\include\ -I                         #
#                          C:\Users\蕾雅\Desktop\stm32\ZStack-2.5.1a\Projects #
#                          \zstack\Samples\SampleApp\CC2530DB\..\..\..\..\..\ #
#                          Components\mac\high_level\ -I                      #
#                          C:\Users\蕾雅\Desktop\stm32\ZStack-2.5.1a\Projects #
#                          \zstack\Samples\SampleApp\CC2530DB\..\..\..\..\..\ #
#                          Components\mac\low_level\srf04\ -I                 #
#                          C:\Users\蕾雅\Desktop\stm32\ZStack-2.5.1a\Projects #
#                          \zstack\Samples\SampleApp\CC2530DB\..\..\..\..\..\ #
#                          Components\mac\low_level\srf04\single_chip\ -I     #
#                          C:\Users\蕾雅\Desktop\stm32\ZStack-2.5.1a\Projects #
#                          \zstack\Samples\SampleApp\CC2530DB\..\..\..\..\..\ #
#                          Components\mt\ -I C:\Users\蕾雅\Desktop\stm32\ZSta #
#                          ck-2.5.1a\Projects\zstack\Samples\SampleApp\CC2530 #
#                          DB\..\..\..\..\..\Components\osal\include\ -I      #
#                          C:\Users\蕾雅\Desktop\stm32\ZStack-2.5.1a\Projects #
#                          \zstack\Samples\SampleApp\CC2530DB\..\..\..\..\..\ #
#                          Components\services\saddr\ -I                      #
#                          C:\Users\蕾雅\Desktop\stm32\ZStack-2.5.1a\Projects #
#                          \zstack\Samples\SampleApp\CC2530DB\..\..\..\..\..\ #
#                          Components\services\sdata\ -I                      #
#                          C:\Users\蕾雅\Desktop\stm32\ZStack-2.5.1a\Projects #
#                          \zstack\Samples\SampleApp\CC2530DB\..\..\..\..\..\ #
#                          Components\stack\af\ -I C:\Users\蕾雅\Desktop\stm3 #
#                          2\ZStack-2.5.1a\Projects\zstack\Samples\SampleApp\ #
#                          CC2530DB\..\..\..\..\..\Components\stack\nwk\ -I   #
#                          C:\Users\蕾雅\Desktop\stm32\ZStack-2.5.1a\Projects #
#                          \zstack\Samples\SampleApp\CC2530DB\..\..\..\..\..\ #
#                          Components\stack\sapi\ -I                          #
#                          C:\Users\蕾雅\Desktop\stm32\ZStack-2.5.1a\Projects #
#                          \zstack\Samples\SampleApp\CC2530DB\..\..\..\..\..\ #
#                          Components\stack\sec\ -I                           #
#                          C:\Users\蕾雅\Desktop\stm32\ZStack-2.5.1a\Projects #
#                          \zstack\Samples\SampleApp\CC2530DB\..\..\..\..\..\ #
#                          Components\stack\sys\ -I                           #
#                          C:\Users\蕾雅\Desktop\stm32\ZStack-2.5.1a\Projects #
#                          \zstack\Samples\SampleApp\CC2530DB\..\..\..\..\..\ #
#                          Components\stack\zdo\ -I                           #
#                          C:\Users\蕾雅\Desktop\stm32\ZStack-2.5.1a\Projects #
#                          \zstack\Samples\SampleApp\CC2530DB\..\..\..\..\..\ #
#                          Components\zmac\ -I C:\Users\蕾雅\Desktop\stm32\ZS #
#                          tack-2.5.1a\Projects\zstack\Samples\SampleApp\CC25 #
#                          30DB\..\..\..\..\..\Components\zmac\f8w\ -Ohz      #
#    List file          =  C:\Users\蕾雅\Desktop\stm32\ZStack-2.5.1a\Projects #
#                          \zstack\Samples\SampleApp\CC2530DB\RouterEB\List\S #
#                          ampleApp.lst                                       #
#    Object file        =  C:\Users\蕾雅\Desktop\stm32\ZStack-2.5.1a\Projects #
#                          \zstack\Samples\SampleApp\CC2530DB\RouterEB\Obj\Sa #
#                          mpleApp.r51                                        #
#                                                                             #
#                                                                             #
###############################################################################

C:\Users\蕾雅\Desktop\stm32\ZStack-2.5.1a\Projects\zstack\Samples\SampleApp\Source\SampleApp.c
      1          /*********************************************************************
      2           * INCLUDES
      3           */
      4          
      5          #include <stdio.h>
      6          #include <string.h>
      7          #include "AF.h"
      8          #include "OnBoard.h"
      9          #include "OSAL_Tasks.h"
     10          #include "SampleApp.h"
     11          #include "ZDApp.h"
     12          #include "ZDObject.h"
     13          #include "ZDProfile.h"
     14          
     15          #include "hal_drivers.h"
     16          #include "hal_key.h"
     17          
     18          #if defined ( LCD_SUPPORTED )
     19            #include "hal_lcd.h"
     20          #endif
     21          
     22          #include "hal_led.h"
     23          #include "hal_uart.h"
     24          #include "dht11.h"
     25          #include "B_LUX_V30.h"
     26          #include "ADC.h"

  #define uint16 unsigned short
          ^
"C:\Users\蕾雅\Desktop\stm32\ZStack-2.5.1a\Projects\zstack\Samples\SampleApp\Source\ADC.h",8  Warning[Pe047]: 
          incompatible redefinition of macro "uint16" (declared at line 11 of
          "C:\Users\蕾雅\Desktop\stm32\ZStack-2.5.1a\Projects\zstack\Samples\Sa
          mpleApp\Source\B_LUX_V30.h")
     27          
     28          
     29          /*********************************************************************
     30           * MACROS
     31           */
     32          
     33          /*********************************************************************
     34           * CONSTANTS
     35           */
     36          
     37          #if !defined( SAMPLE_APP_PORT )
     38          #define SAMPLE_APP_PORT  0
     39          #endif
     40          
     41          #if !defined( SAMPLE_APP_BAUD )
     42            #define SAMPLE_APP_BAUD  HAL_UART_BR_115200
     43          #endif
     44          
     45          // When the Rx buf space is less than this threshold, invoke the Rx callback.
     46          #if !defined( SAMPLE_APP_THRESH )
     47          #define SAMPLE_APP_THRESH  64
     48          #endif
     49          
     50          #if !defined( SAMPLE_APP_RX_SZ )
     51          #define SAMPLE_APP_RX_SZ  128
     52          #endif
     53          
     54          #if !defined( SAMPLE_APP_TX_SZ )
     55          #define SAMPLE_APP_TX_SZ  128
     56          #endif
     57          
     58          // Millisecs of idle time after a byte is received before invoking Rx callback.
     59          #if !defined( SAMPLE_APP_IDLE )
     60          #define SAMPLE_APP_IDLE  6
     61          #endif
     62          
     63          // Loopback Rx bytes to Tx for throughput testing.
     64          #if !defined( SAMPLE_APP_LOOPBACK )
     65          #define SAMPLE_APP_LOOPBACK  FALSE
     66          #endif
     67          
     68          // This is the max byte count per OTA message.
     69          #if !defined( SAMPLE_APP_TX_MAX )
     70          #define SAMPLE_APP_TX_MAX  80
     71          #endif
     72          
     73          #define SAMPLE_APP_RSP_CNT  4
     74          
     75          // This list should be filled with Application specific Cluster IDs.

   \                                 In  segment XDATA_ROM_C, align 1
     76          const cId_t SampleApp_ClusterList[SAMPLE_MAX_CLUSTERS] =
   \                     SampleApp_ClusterList:
   \   000000   0100         DW 1
   \   000002   0200         DW 2
     77          {
     78            SAMPLEAPP_P2P_CLUSTERID,
     79            SAMPLEAPP_PERIODIC_CLUSTERID,
     80          };
     81          

   \                                 In  segment XDATA_ROM_C, align 1
     82          const SimpleDescriptionFormat_t SampleApp_SimpleDesc =
   \                     SampleApp_SimpleDesc:
   \   000000   0B           DB 11
   \   000001   050F         DW 3845
   \   000003   0100         DW 1
   \   000005   00           DB 0
   \   000006   02           DB 2
   \   000007   ....         DW SampleApp_ClusterList
   \   000009   02           DB 2
   \   00000A   ....         DW SampleApp_ClusterList
     83          {
     84            SAMPLEAPP_ENDPOINT,              //  int   Endpoint;
     85            SAMPLEAPP_PROFID,                //  uint16 AppProfId[2];
     86            SAMPLEAPP_DEVICEID,              //  uint16 AppDeviceId[2];
     87            SAMPLEAPP_DEVICE_VERSION,        //  int   AppDevVer:4;
     88            SAMPLEAPP_FLAGS,                 //  int   AppFlags:4;
     89            SAMPLE_MAX_CLUSTERS,          //  byte  AppNumInClusters;
     90            (cId_t *)SampleApp_ClusterList,  //  byte *pAppInClusterList;
     91            SAMPLE_MAX_CLUSTERS,          //  byte  AppNumOutClusters;
     92            (cId_t *)SampleApp_ClusterList   //  byte *pAppOutClusterList;
     93          };
     94          

   \                                 In  segment XDATA_I, align 1, keep-with-next
     95          endPointDesc_t SampleApp_epDesc =
   \                     SampleApp_epDesc:
   \   000000                DS 6
   \   000006                REQUIRE `?<Initializer for SampleApp_epDesc>`
   \   000006                REQUIRE __INIT_XDATA_I
     96          {
     97            SAMPLEAPP_ENDPOINT,
     98           &SampleApp_TaskID,
     99            (SimpleDescriptionFormat_t *)&SampleApp_SimpleDesc,
    100            noLatencyReqs
    101          };
    102          
    103          /*********************************************************************
    104           * TYPEDEFS
    105           */
    106          
    107          /*********************************************************************
    108           * GLOBAL VARIABLES
    109           */

   \                                 In  segment XDATA_Z, align 1, keep-with-next
    110          devStates_t SampleApp_NwkState;   
   \                     SampleApp_NwkState:
   \   000000                DS 1
   \   000001                REQUIRE __INIT_XDATA_Z

   \                                 In  segment XDATA_Z, align 1, keep-with-next
    111          uint8 SampleApp_TaskID;           // Task ID for internal task/event processing.
   \                     SampleApp_TaskID:
   \   000000                DS 1
   \   000001                REQUIRE __INIT_XDATA_Z
    112          
    113          /*********************************************************************
    114           * EXTERNAL VARIABLES
    115           */
    116          
    117          /*********************************************************************
    118           * EXTERNAL FUNCTIONS
    119           */
    120          
    121          /*********************************************************************
    122           * LOCAL VARIABLES
    123           */
    124          

   \                                 In  segment XDATA_Z, align 1, keep-with-next
    125          static uint8 SampleApp_MsgID;
   \                     SampleApp_MsgID:
   \   000000                DS 1
   \   000001                REQUIRE __INIT_XDATA_Z
    126          

   \                                 In  segment XDATA_Z, align 1, keep-with-next
    127          afAddrType_t SampleApp_Periodic_DstAddr; //广播
   \                     SampleApp_Periodic_DstAddr:
   \   000000                DS 12
   \   00000C                REQUIRE __INIT_XDATA_Z

   \                                 In  segment XDATA_Z, align 1, keep-with-next
    128          afAddrType_t SampleApp_Flash_DstAddr;    //组播
   \                     SampleApp_Flash_DstAddr:
   \   000000                DS 12
   \   00000C                REQUIRE __INIT_XDATA_Z

   \                                 In  segment XDATA_Z, align 1, keep-with-next
    129          afAddrType_t SampleApp_P2P_DstAddr;      //点播
   \                     SampleApp_P2P_DstAddr:
   \   000000                DS 12
   \   00000C                REQUIRE __INIT_XDATA_Z
    130          
    131          
    132          static afAddrType_t SampleApp_TxAddr;
    133          static uint8 SampleApp_TxSeq;

   \                                 In  segment XDATA_Z, align 1, keep-with-next
    134          static uint8 SampleApp_TxBuf[SAMPLE_APP_TX_MAX+1];
   \                     SampleApp_TxBuf:
   \   000000                DS 81
   \   000051                REQUIRE __INIT_XDATA_Z

   \                                 In  segment XDATA_Z, align 1, keep-with-next
    135          static uint8 SampleApp_TxLen;
   \                     SampleApp_TxLen:
   \   000000                DS 1
   \   000001                REQUIRE __INIT_XDATA_Z
    136          
    137          static afAddrType_t SampleApp_RxAddr;

   \                                 In  segment XDATA_Z, align 1, keep-with-next
    138          static uint8 SampleApp_RxSeq;
   \                     SampleApp_RxSeq:
   \   000000                DS 1
   \   000001                REQUIRE __INIT_XDATA_Z
    139          static uint8 SampleApp_RspBuf[SAMPLE_APP_RSP_CNT];
    140          
    141          /*********************************************************************
    142           * LOCAL FUNCTIONS
    143           */
    144          
    145          static void SampleApp_ProcessMSGCmd( afIncomingMSGPacket_t *pkt );
    146          void SampleApp_CallBack(uint8 port, uint8 event); 
    147          static void SampleApp_Send_P2P_Message( void );
    148          
    149          

   \                                 In  segment XDATA_Z, align 1, keep-with-next
    150          uint8 temp1Int;     //协调器保存终端1温度
   \                     temp1Int:
   \   000000                DS 1
   \   000001                REQUIRE __INIT_XDATA_Z

   \                                 In  segment XDATA_Z, align 1, keep-with-next
    151          uint8 temp2Int;     //协调器保存终端2温度
   \                     temp2Int:
   \   000000                DS 1
   \   000001                REQUIRE __INIT_XDATA_Z

   \                                 In  segment XDATA_Z, align 1, keep-with-next
    152          uint8 temp3Int;     //协调器保存终端3温度
   \                     temp3Int:
   \   000000                DS 1
   \   000001                REQUIRE __INIT_XDATA_Z

   \                                 In  segment XDATA_Z, align 1, keep-with-next
    153          uint8 hum1Int;      //协调器保存终端1湿度
   \                     hum1Int:
   \   000000                DS 1
   \   000001                REQUIRE __INIT_XDATA_Z

   \                                 In  segment XDATA_Z, align 1, keep-with-next
    154          uint8 hum2Int;      //协调器保存终端2湿度
   \                     hum2Int:
   \   000000                DS 1
   \   000001                REQUIRE __INIT_XDATA_Z

   \                                 In  segment XDATA_Z, align 1, keep-with-next
    155          uint8 hum3Int;      //协调器保存终端3湿度
   \                     hum3Int:
   \   000000                DS 1
   \   000001                REQUIRE __INIT_XDATA_Z

   \                                 In  segment XDATA_Z, align 1, keep-with-next
    156          uint16 light1Int;   //协调器保存终端1光照
   \                     light1Int:
   \   000000                DS 2
   \   000002                REQUIRE __INIT_XDATA_Z

   \                                 In  segment XDATA_Z, align 1, keep-with-next
    157          uint16 light2Int;   //协调器保存终端2光照
   \                     light2Int:
   \   000000                DS 2
   \   000002                REQUIRE __INIT_XDATA_Z

   \                                 In  segment XDATA_Z, align 1, keep-with-next
    158          uint16 light3Int;   //协调器保存终端3光照
   \                     light3Int:
   \   000000                DS 2
   \   000002                REQUIRE __INIT_XDATA_Z

   \                                 In  segment XDATA_Z, align 1, keep-with-next
    159          uint32 light32;     //临时光照数据32
   \                     light32:
   \   000000                DS 4
   \   000004                REQUIRE __INIT_XDATA_Z

   \                                 In  segment XDATA_Z, align 1, keep-with-next
    160          uint16 light;
   \                     light:
   \   000000                DS 2
   \   000002                REQUIRE __INIT_XDATA_Z

   \                                 In  segment XDATA_Z, align 1, keep-with-next
    161          uint8 state1Int = 0;    //协调器保存终端1上线状态,0为离线，1为在线
   \                     state1Int:
   \   000000                DS 1
   \   000001                REQUIRE __INIT_XDATA_Z

   \                                 In  segment XDATA_Z, align 1, keep-with-next
    162          uint8 state2Int = 0;    //协调器保存终端2上线状态
   \                     state2Int:
   \   000000                DS 1
   \   000001                REQUIRE __INIT_XDATA_Z

   \                                 In  segment XDATA_Z, align 1, keep-with-next
    163          uint8 state3Int = 0;    //协调器保存终端3上线状态
   \                     state3Int:
   \   000000                DS 1
   \   000001                REQUIRE __INIT_XDATA_Z

   \                                 In  segment XDATA_Z, align 1, keep-with-next
    164          uint16 bat1;         //协调器保存终端1电压
   \                     bat1:
   \   000000                DS 2
   \   000002                REQUIRE __INIT_XDATA_Z

   \                                 In  segment XDATA_Z, align 1, keep-with-next
    165          uint16 bat2;         //协调器保存终端2电压
   \                     bat2:
   \   000000                DS 2
   \   000002                REQUIRE __INIT_XDATA_Z

   \                                 In  segment XDATA_Z, align 1, keep-with-next
    166          uint16 bat3;         //协调器保存终端3电压
   \                     bat3:
   \   000000                DS 2
   \   000002                REQUIRE __INIT_XDATA_Z

   \                                 In  segment XDATA_Z, align 1, keep-with-next
    167          uint16 bat;         //临时电量数据
   \                     bat:
   \   000000                DS 2
   \   000002                REQUIRE __INIT_XDATA_Z
    168          
    169          
    170          /*********************************************************************
    171           * @fn      示例应用程序信息//SampleApp_Init
    172           *
    173           * @brief   这是在OSAL任务初始化期间调用的//This is called during OSAL tasks' initialization.
    174           *
    175           * @param   task_id-OSAL分配的任务id//task_id - the Task ID assigned by OSAL.
    176           *
    177           * @return  none
    178           */

   \                                 In  segment BANKED_CODE, align 1, keep-with-next
    179          void SampleApp_Init( uint8 task_id )
   \                     SampleApp_Init:
    180          {
   \   000000   74F6         MOV     A,#-0xa
   \   000002   12....       LCALL   ?BANKED_ENTER_XDATA
   \   000005                ; Saved register size: 10
   \   000005                ; Auto size: 0
   \   000005   E9           MOV     A,R1
   \   000006   FE           MOV     R6,A
    181            halUARTCfg_t uartConfig;
    182          
    183            SampleApp_TaskID = task_id;
   \   000007   90....       MOV     DPTR,#SampleApp_TaskID
   \   00000A   F0           MOVX    @DPTR,A
    184            SampleApp_RxSeq = 0xC3;
   \   00000B   90....       MOV     DPTR,#SampleApp_RxSeq
   \   00000E   74C3         MOV     A,#-0x3d
   \   000010   F0           MOVX    @DPTR,A
    185            SampleApp_NwkState = DEV_INIT;       
   \   000011   90....       MOV     DPTR,#SampleApp_NwkState
   \   000014   7401         MOV     A,#0x1
   \   000016   F0           MOVX    @DPTR,A
    186          
    187            MT_UartInit();                  //串口初始化
                   ^
Warning[Pe223]: function "MT_UartInit" declared implicitly
   \   000017                ; Setup parameters for call to function MT_UartInit
   \   000017   12....       LCALL   ??MT_UartInit?relay
    188            MT_UartRegisterTaskID(task_id); //注册串口任务
                   ^
Warning[Pe223]: function "MT_UartRegisterTaskID" declared implicitly
   \   00001A                ; Setup parameters for call to function MT_UartRegisterTaskID
   \   00001A   8E..         MOV     ?V0 + 0,R6
   \   00001C   AA..         MOV     R2,?V0 + 0
   \   00001E   7B00         MOV     R3,#0x0
   \   000020   12....       LCALL   ??MT_UartRegisterTaskID?relay
    189            afRegister( (endPointDesc_t *)&SampleApp_epDesc );
   \   000023                ; Setup parameters for call to function afRegister
   \   000023   7A..         MOV     R2,#SampleApp_epDesc & 0xff
   \   000025   7B..         MOV     R3,#(SampleApp_epDesc >> 8) & 0xff
   \   000027   12....       LCALL   ??afRegister?relay
    190            RegisterForKeys( task_id );
   \   00002A                ; Setup parameters for call to function RegisterForKeys
   \   00002A   EE           MOV     A,R6
   \   00002B   F9           MOV     R1,A
   \   00002C   12....       LCALL   ??RegisterForKeys?relay
    191          
    192          #ifdef ZDO_COORDINATOR
    193            //协调器初始化
    194            Init_ADC0();
    195            
    196          #else
    197            //终端初始化
    198            B_LUX30_Init();                 //光照传感器初始化
   \   00002F                ; Setup parameters for call to function B_LUX30_Init
   \   00002F   12....       LCALL   ??B_LUX30_Init?relay
    199            Init_ADC0();
   \   000032                ; Setup parameters for call to function Init_ADC0
   \   000032   12....       LCALL   ??Init_ADC0?relay
    200            
    201          #endif
    202          
    203            SampleApp_Periodic_DstAddr.addrMode = (afAddrMode_t)AddrBroadcast;//广播
   \   000035   90....       MOV     DPTR,#SampleApp_Periodic_DstAddr + 8
   \   000038   740F         MOV     A,#0xf
   \   00003A   F0           MOVX    @DPTR,A
    204            SampleApp_Periodic_DstAddr.endPoint = SAMPLEAPP_ENDPOINT;
   \   00003B   A3           INC     DPTR
   \   00003C   740B         MOV     A,#0xb
   \   00003E   F0           MOVX    @DPTR,A
    205            SampleApp_Periodic_DstAddr.addr.shortAddr = 0xFFFF;
   \   00003F   90....       MOV     DPTR,#SampleApp_Periodic_DstAddr
   \   000042   74FF         MOV     A,#-0x1
   \   000044   F0           MOVX    @DPTR,A
   \   000045   A3           INC     DPTR
   \   000046   F0           MOVX    @DPTR,A
    206          
    207            // Setup for the flash command's destination address - Group 1
    208            SampleApp_Flash_DstAddr.addrMode = (afAddrMode_t)afAddrGroup;//组播
   \   000047   90....       MOV     DPTR,#SampleApp_Flash_DstAddr + 8
   \   00004A   7401         MOV     A,#0x1
   \   00004C   F0           MOVX    @DPTR,A
    209            SampleApp_Flash_DstAddr.endPoint = SAMPLEAPP_ENDPOINT;
   \   00004D   A3           INC     DPTR
   \   00004E   740B         MOV     A,#0xb
   \   000050   F0           MOVX    @DPTR,A
    210            SampleApp_Flash_DstAddr.addr.shortAddr = SAMPLEAPP_FLASH_GROUP;
   \   000051   90....       MOV     DPTR,#SampleApp_Flash_DstAddr
   \   000054   7401         MOV     A,#0x1
   \   000056   F0           MOVX    @DPTR,A
   \   000057   A3           INC     DPTR
   \   000058   E4           CLR     A
   \   000059   F0           MOVX    @DPTR,A
    211            
    212            SampleApp_P2P_DstAddr.addrMode = (afAddrMode_t)Addr16Bit; //点播 
   \   00005A   90....       MOV     DPTR,#SampleApp_P2P_DstAddr + 8
   \   00005D   7402         MOV     A,#0x2
   \   00005F   F0           MOVX    @DPTR,A
    213            SampleApp_P2P_DstAddr.endPoint = SAMPLEAPP_ENDPOINT; 
   \   000060   A3           INC     DPTR
   \   000061   740B         MOV     A,#0xb
   \   000063   F0           MOVX    @DPTR,A
    214            SampleApp_P2P_DstAddr.addr.shortAddr = 0x0000;            //发给协调器
   \   000064   90....       MOV     DPTR,#SampleApp_P2P_DstAddr
   \   000067   E4           CLR     A
   \   000068   F0           MOVX    @DPTR,A
   \   000069   A3           INC     DPTR
   \   00006A   F0           MOVX    @DPTR,A
    215          
    216            
    217          }
   \   00006B                REQUIRE ?Subroutine0
   \   00006B                ; // Fall through to label ?Subroutine0

   \                                 In  segment BANKED_CODE, align 1, keep-with-next
   \                     ?Subroutine0:
   \   000000   7F02         MOV     R7,#0x2
   \   000002   02....       LJMP    ?BANKED_LEAVE_XDATA
    218          
    219          /*********************************************************************
    220           * @fn      SampleApp_ProcessEvent
    221           *
    222           * @brief   Generic Application Task event processor.
    223           *
    224           * @param   task_id  - The OSAL assigned task ID.
    225           * @param   events   - Bit map of events to process.
    226           *
    227           * @return  Event flags of all unprocessed events.
    228           */

   \                                 In  segment BANKED_CODE, align 1, keep-with-next
    229          UINT16 SampleApp_ProcessEvent( uint8 task_id, UINT16 events )
   \                     SampleApp_ProcessEvent:
    230          {
   \   000000   74F4         MOV     A,#-0xc
   \   000002   12....       LCALL   ?BANKED_ENTER_XDATA
   \   000005                ; Saved register size: 12
   \   000005                ; Auto size: 0
   \   000005   EA           MOV     A,R2
   \   000006   FE           MOV     R6,A
   \   000007   EB           MOV     A,R3
   \   000008   FF           MOV     R7,A
    231            (void)task_id;  // Intentionally unreferenced parameter
    232            
    233            if ( events & SYS_EVENT_MSG )
   \   000009   5480         ANL     A,#0x80
   \   00000B   7052         JNZ     ??SampleApp_ProcessEvent_0
    234            {
    235              afIncomingMSGPacket_t *MSGpkt;
    236          
    237              while ( (MSGpkt = (afIncomingMSGPacket_t *)osal_msg_receive( SampleApp_TaskID )) )
    238              {
    239                switch ( MSGpkt->hdr.event )
    240                {
    241                case AF_INCOMING_MSG_CMD:
    242                  SampleApp_ProcessMSGCmd( MSGpkt );
    243                  break;
    244                  
    245                case ZDO_STATE_CHANGE:
    246                  SampleApp_NwkState = (devStates_t)(MSGpkt->hdr.status);
    247                  if ( (SampleApp_NwkState == DEV_ZB_COORD)||
    248                      (SampleApp_NwkState == DEV_ROUTER)
    249                      || (SampleApp_NwkState == DEV_END_DEVICE) )
    250                  {
    251                      //连网成功后，启动一个定时器
    252                      osal_start_timerEx( SampleApp_TaskID,
    253                                        SAMPLEAPP_SEND_PERIODIC_MSG_EVT,
    254                                        SAMPLEAPP_SEND_PERIODIC_MSG_TIMEOUT );  //3秒定时器
    255                  }
    256                  else
    257                  {
    258                    // Device is no longer in the network
    259                  }
    260                  break;
    261          
    262                default:
    263                  break;
    264                }
    265          
    266                osal_msg_deallocate( (uint8 *)MSGpkt );
    267              }
    268          
    269              return ( events ^ SYS_EVENT_MSG );
    270            }
    271          
    272            //定时器时间到
    273            if ( events & SAMPLEAPP_SEND_PERIODIC_MSG_EVT )
   \   00000D   EE           MOV     A,R6
   \   00000E   A2E0         MOV     C,0xE0 /* A   */.0
   \   000010   5079         JNC     ??SampleApp_ProcessEvent_1
    274            {
    275              
    276          #ifdef ZDO_COORDINATOR   //协调器节点完成的工作
    277              
    278              //协调器串口输出数据
    279              {
    280                uint8 buff[128]={0};
    281            
    282          //      //格式化温度数据，收集数据，用于串口输出
    283          //      sprintf(buff, "I1T%dH%dL%uS%dE\n", temp1Int, hum1Int, light1Int, state1Int);
    284                
    285                //串口输出
    286                sprintf(buff, "I1T%dH%dL%uB%uS%dE\n", temp1Int, hum1Int, light1Int, bat1, state1Int);
    287                
    288                //串口输出
    289                HalUARTWrite(0, buff, osal_strlen(buff));
    290                
    291                bat = Get_ADC();     //获取电量数据
    292                
    293                sprintf(buff, "%u\n", bat1);
    294                
    295                //串口输出
    296                HalUARTWrite(0, buff, osal_strlen(buff));      
    297                
    298                //状态定时器设为0
    299                state1Int=0;
    300                state2Int=0;
    301                state3Int=0;
    302              }
    303              
    304          #else                    //终端类节点完成的工作
    305              
    306              //终端周期采集温湿度数据（发送数据),无线传输数据
    307              SampleApp_Send_P2P_Message();
   \   000012                ; Setup parameters for call to function SampleApp_Send_P2P_Message
   \   000012   12....       LCALL   ??SampleApp_Send_P2P_Message?relay
    308              
    309          #endif
    310          
    311              // 重新启动定时器
    312              osal_start_timerEx( SampleApp_TaskID, SAMPLEAPP_SEND_PERIODIC_MSG_EVT,
    313                  (SAMPLEAPP_SEND_PERIODIC_MSG_TIMEOUT + (osal_rand() & 0x00FF)) );
   \   000015                ; Setup parameters for call to function osal_rand
   \   000015   12....       LCALL   ??osal_rand?relay
   \   000018                ; Setup parameters for call to function osal_start_timerEx
   \   000018   EA           MOV     A,R2
   \   000019   24E8         ADD     A,#-0x18
   \   00001B   FC           MOV     R4,A
   \   00001C   E4           CLR     A
   \   00001D   3403         ADDC    A,#0x3
   \   00001F   FD           MOV     R5,A
   \   000020   7A01         MOV     R2,#0x1
   \   000022   7B00         MOV     R3,#0x0
   \   000024   90....       MOV     DPTR,#SampleApp_TaskID
   \   000027   E0           MOVX    A,@DPTR
   \   000028   F9           MOV     R1,A
   \   000029   12....       LCALL   ??osal_start_timerEx?relay
    314          
    315              // return unprocessed events
    316              return (events ^ SAMPLEAPP_SEND_PERIODIC_MSG_EVT);
   \   00002C   EE           MOV     A,R6
   \   00002D   6401         XRL     A,#0x1
   \   00002F   FA           MOV     R2,A
   \   000030   EF           MOV     A,R7
   \                     ??SampleApp_ProcessEvent_2:
   \   000031   FB           MOV     R3,A
   \   000032   805B         SJMP    ??SampleApp_ProcessEvent_3
    317            }
   \                     ??SampleApp_ProcessEvent_4:
   \   000034   A3           INC     DPTR
   \   000035   E0           MOVX    A,@DPTR
   \   000036   90....       MOV     DPTR,#SampleApp_NwkState
   \   000039   F0           MOVX    @DPTR,A
   \   00003A   6409         XRL     A,#0x9
   \   00003C   600A         JZ      ??SampleApp_ProcessEvent_5
   \   00003E   E0           MOVX    A,@DPTR
   \   00003F   6407         XRL     A,#0x7
   \   000041   6005         JZ      ??SampleApp_ProcessEvent_5
   \   000043   E0           MOVX    A,@DPTR
   \   000044   6406         XRL     A,#0x6
   \   000046   7010         JNZ     ??SampleApp_ProcessEvent_6
   \                     ??SampleApp_ProcessEvent_5:
   \   000048                ; Setup parameters for call to function osal_start_timerEx
   \   000048   7CE8         MOV     R4,#-0x18
   \   00004A   7D03         MOV     R5,#0x3
   \   00004C   7A01         MOV     R2,#0x1
   \   00004E   7B00         MOV     R3,#0x0
   \   000050   90....       MOV     DPTR,#SampleApp_TaskID
   \   000053   E0           MOVX    A,@DPTR
   \   000054   F9           MOV     R1,A
   \   000055   12....       LCALL   ??osal_start_timerEx?relay
   \                     ??SampleApp_ProcessEvent_6:
   \   000058                ; Setup parameters for call to function osal_msg_deallocate
   \   000058   AA..         MOV     R2,?V0 + 0
   \   00005A   AB..         MOV     R3,?V0 + 1
   \   00005C   12....       LCALL   ??osal_msg_deallocate?relay
   \                     ??SampleApp_ProcessEvent_0:
   \   00005F                ; Setup parameters for call to function osal_msg_receive
   \   00005F   90....       MOV     DPTR,#SampleApp_TaskID
   \   000062   E0           MOVX    A,@DPTR
   \   000063   F9           MOV     R1,A
   \   000064   12....       LCALL   ??osal_msg_receive?relay
   \   000067   8A..         MOV     ?V0 + 0,R2
   \   000069   8B..         MOV     ?V0 + 1,R3
   \   00006B   EA           MOV     A,R2
   \   00006C   45..         ORL     A,?V0 + 1
   \   00006E   6014         JZ      ??SampleApp_ProcessEvent_7
   \   000070   8A82         MOV     DPL,R2
   \   000072   8B83         MOV     DPH,R3
   \   000074   E0           MOVX    A,@DPTR
   \   000075   24E6         ADD     A,#-0x1a
   \   000077   6006         JZ      ??SampleApp_ProcessEvent_8
   \   000079   2449         ADD     A,#0x49
   \   00007B   60B7         JZ      ??SampleApp_ProcessEvent_4
   \   00007D   80D9         SJMP    ??SampleApp_ProcessEvent_6
   \                     ??SampleApp_ProcessEvent_8:
   \   00007F                ; Setup parameters for call to function SampleApp_ProcessMSGCmd
   \   00007F   12....       LCALL   ??SampleApp_ProcessMSGCmd?relay
   \   000082   80D4         SJMP    ??SampleApp_ProcessEvent_6
   \                     ??SampleApp_ProcessEvent_7:
   \   000084   EE           MOV     A,R6
   \   000085   FA           MOV     R2,A
   \   000086   EF           MOV     A,R7
   \   000087   6480         XRL     A,#0x80
   \   000089   80A6         SJMP    ??SampleApp_ProcessEvent_2
    318          
    319          
    320            return ( 0 );  // Discard unknown events.
   \                     ??SampleApp_ProcessEvent_1:
   \   00008B   7A00         MOV     R2,#0x0
   \   00008D   7B00         MOV     R3,#0x0
   \                     ??SampleApp_ProcessEvent_3:
   \   00008F   7F04         MOV     R7,#0x4
   \   000091   02....       LJMP    ?BANKED_LEAVE_XDATA
    321          }
    322          
    323          /*********************************************************************
    324           * @fn      SerialApp_ProcessMSGCmd
    325           *
    326           * @brief   Data message processor callback. This function processes
    327           *          any incoming data - probably from other devices. Based
    328           *          on the cluster ID, perform the intended action.
    329           *
    330           * @param   pkt - pointer to the incoming message packet
    331           *
    332           * @return  TRUE if the 'pkt' parameter is being used and will be freed later,
    333           *          FALSE otherwise.
    334           */
    335          
    336          //处理发送过来的数据

   \                                 In  segment BANKED_CODE, align 1, keep-with-next
    337          void SampleApp_ProcessMSGCmd( afIncomingMSGPacket_t *pkt )
   \                     SampleApp_ProcessMSGCmd:
    338          {
   \   000000                ; Saved register size: 0
   \   000000                ; Auto size: 0
    339            uint8 buff[128]={0};
                         ^
Warning[Pe177]: variable "buff" was declared but never referenced
    340          
    341            switch ( pkt->clusterId )
    342            {
    343              
    344          #ifdef ZDO_COORDINATOR      
    345            // 接收终端上传的温度数据
    346            case SAMPLEAPP_P2P_CLUSTERID: 
    347              {
    348                  uint8 id=pkt->cmd.Data[0];//终端id
    349                  uint8 t=pkt->cmd.Data[1]; //终端温度
    350                  uint8 h=pkt->cmd.Data[2]; //终端湿度
    351                  
    352                  uint8 ll=pkt->cmd.Data[3]; //终端光照数据前半段
    353                  uint8 lh=pkt->cmd.Data[4]; //终端光照数据后半段
    354                  
    355                  uint8 bl=pkt->cmd.Data[5]; //终端电池数据前半段
    356                  uint8 bh=pkt->cmd.Data[6]; //终端电池数据后半段
    357                  
    358                  uint16 l=ll;    //处理光照数据
    359                  l <<= 8;
    360                  l = l + lh;
    361                  
    362                  uint16 b=bl;    //处理电量数据
    363                  b <<= 8;
    364                  b = b + bh;     
    365                  
    366                  if(id==1)
    367                  {
    368                    //保存终端1的温度,湿度,光照,状态,电量
    369                    temp1Int=t;
    370                    hum1Int=h;
    371                    light1Int=l;
    372                    state1Int=1;
    373                    bat1 = b;
    374                    
    375                  }
    376                  else if(id==2)
    377                  {
    378                    //保存终端2的温度,湿度,光照,状态,电量
    379                    temp2Int=t;
    380                    hum2Int=h;
    381                    light2Int=l;
    382                    state2Int=1;
    383                    bat2 = b;
    384                    
    385                  }
    386                  else if(id==3)
    387                  {
    388                    //保存终端3的温度,湿度,光照,状态,电量
    389                    temp3Int=t;
    390                    hum3Int=h;
    391                    light3Int=l;
    392                    state3Int=1;
    393                    bat3 = b;
    394                    
    395                  }
    396          
    397              }
    398              break;
    399          #endif
    400              
    401            case SAMPLEAPP_PERIODIC_CLUSTERID:
    402          
    403              break;
    404          
    405              default:
    406                break;
    407            }
    408          }
   \   000000   02....       LJMP    ?BRET
    409          
    410          
    411          /*********************************************************************
    412           * @fn      SampleApp_CallBack
    413           *
    414           * @brief   Send data OTA.
    415           *
    416           * @param   port - UART port.
    417           * @param   event - the UART port event flag.
    418           *
    419           * @return  none
    420           */

   \                                 In  segment BANKED_CODE, align 1, keep-with-next
    421          void SampleApp_CallBack(uint8 port, uint8 event)
   \                     SampleApp_CallBack:
    422          {
   \   000000   74F6         MOV     A,#-0xa
   \   000002   12....       LCALL   ?BANKED_ENTER_XDATA
   \   000005                ; Saved register size: 10
   \   000005                ; Auto size: 0
   \   000005   EA           MOV     A,R2
   \   000006   FE           MOV     R6,A
    423            (void)port;
    424          
    425            if ((event & (HAL_UART_RX_FULL | HAL_UART_RX_ABOUT_FULL | HAL_UART_RX_TIMEOUT)) &&
    426          #if SAMPLE_APP_LOOPBACK
    427                (SampleApp_TxLen < SAMPLE_APP_TX_MAX))
    428          #else
    429                !SampleApp_TxLen)
   \   000007   7407         MOV     A,#0x7
   \   000009   5E           ANL     A,R6
   \   00000A   601D         JZ      ??SampleApp_CallBack_0
   \   00000C   90....       MOV     DPTR,#SampleApp_TxLen
   \   00000F   E0           MOVX    A,@DPTR
   \   000010   7017         JNZ     ??SampleApp_CallBack_0
    430          #endif
    431            {
    432              SampleApp_TxLen += HalUARTRead(SAMPLE_APP_PORT, SampleApp_TxBuf+SampleApp_TxLen+1,
    433                                                                SAMPLE_APP_TX_MAX-SampleApp_TxLen);
   \   000012                ; Setup parameters for call to function HalUARTRead
   \   000012   7C50         MOV     R4,#0x50
   \   000014   7D00         MOV     R5,#0x0
   \   000016   7A..         MOV     R2,#(SampleApp_TxBuf + 1) & 0xff
   \   000018   7B..         MOV     R3,#((SampleApp_TxBuf + 1) >> 8) & 0xff
   \   00001A   7900         MOV     R1,#0x0
   \   00001C   12....       LCALL   ??HalUARTRead?relay
   \   00001F   8A..         MOV     ?V0 + 0,R2
   \   000021   A8..         MOV     R0,?V0 + 0
   \   000023   90....       MOV     DPTR,#SampleApp_TxLen
   \   000026   E0           MOVX    A,@DPTR
   \   000027   28           ADD     A,R0
   \   000028   F0           MOVX    @DPTR,A
    434            }
    435          }
   \                     ??SampleApp_CallBack_0:
   \   000029   02....       LJMP    ?Subroutine0 & 0xFFFF
    436          
    437          /*********************************************************************
    438           * @fn      SampleApp_Send_P2P_Message
    439           *
    440           * @brief   point to point.
    441           *
    442           * @param   none
    443           *
    444           * @return  none
    445           */
    446          //搜集传感器数据及发送函数

   \                                 In  segment BANKED_CODE, align 1, keep-with-next
    447          void SampleApp_Send_P2P_Message( void )
   \                     SampleApp_Send_P2P_Message:
    448          {
   \   000000   74F0         MOV     A,#-0x10
   \   000002   12....       LCALL   ?BANKED_ENTER_XDATA
   \   000005                ; Saved register size: 16
   \   000005                ; Auto size: 27
   \   000005   74E5         MOV     A,#-0x1b
   \   000007   12....       LCALL   ?ALLOC_XSTACK8
    449            uint8 str[7]={0};
   \   00000A   85..82       MOV     DPL,?XSP + 0
   \   00000D   85..83       MOV     DPH,?XSP + 1
   \   000010   AC82         MOV     R4,DPL
   \   000012   AD83         MOV     R5,DPH
   \   000014   7583..       MOV     DPH,#(`?<Constant {0}>` >> 8) & 0xff
   \   000017   7582..       MOV     DPL,#`?<Constant {0}>` & 0xff
   \   00001A   7407         MOV     A,#0x7
   \   00001C   12....       LCALL   ?MOVE_LONG8_XDATA_XDATA
    450            uint8 strTemp[20]={0};
   \   00001F   7407         MOV     A,#0x7
   \   000021   12....       LCALL   ?XSTACK_DISP0_8
   \   000024   AC82         MOV     R4,DPL
   \   000026   AD83         MOV     R5,DPH
   \   000028   7583..       MOV     DPH,#(`?<Constant {0}>_1` >> 8) & 0xff
   \   00002B   7582..       MOV     DPL,#`?<Constant {0}>_1` & 0xff
   \   00002E   7414         MOV     A,#0x14
   \   000030   12....       LCALL   ?MOVE_LONG8_XDATA_XDATA
    451            int len=0;
    452          
    453            DHT11();             //获取温湿度
   \   000033                ; Setup parameters for call to function DHT11
   \   000033   12....       LCALL   ??DHT11?relay
    454            light32 = B_LUX30_GetLux();
   \   000036                ; Setup parameters for call to function B_LUX30_GetLux
   \   000036   12....       LCALL   ??B_LUX30_GetLux?relay
   \   000039   90....       MOV     DPTR,#light32
   \   00003C   12....       LCALL   ?XSTORE_R2345
    455            light = light32 / 1000;
   \   00003F   90....       MOV     DPTR,#light32
   \   000042   78..         MOV     R0,#?V0 + 0
   \   000044   12....       LCALL   ?L_MOV_X
   \   000047   90....       MOV     DPTR,#__Constant_3e8
   \   00004A   78..         MOV     R0,#?V0 + 4
   \   00004C   12....       LCALL   ?L_MOV_X
   \   00004F   78..         MOV     R0,#?V0 + 0
   \   000051   79..         MOV     R1,#?V0 + 4
   \   000053   12....       LCALL   ?UL_DIV_MOD
   \   000056   90....       MOV     DPTR,#light
   \   000059   E5..         MOV     A,?V0 + 0
   \   00005B   F0           MOVX    @DPTR,A
   \   00005C   A3           INC     DPTR
   \   00005D   E5..         MOV     A,?V0 + 1
   \   00005F   F0           MOVX    @DPTR,A
    456            
    457            bat = Get_ADC();     //获取电量数据
   \   000060                ; Setup parameters for call to function Get_ADC
   \   000060   12....       LCALL   ??Get_ADC?relay
   \   000063   90....       MOV     DPTR,#bat
   \   000066   EA           MOV     A,R2
   \   000067   F0           MOVX    @DPTR,A
   \   000068   A3           INC     DPTR
   \   000069   EB           MOV     A,R3
   \   00006A   F0           MOVX    @DPTR,A
    458          
    459            str[0] = 1;//增加一个ID，如果是多个终端就增加这个值
   \   00006B   85..82       MOV     DPL,?XSP + 0
   \   00006E   85..83       MOV     DPH,?XSP + 1
   \   000071   7401         MOV     A,#0x1
   \   000073   F0           MOVX    @DPTR,A
    460            str[1] = wendu;//温度
   \   000074   90....       MOV     DPTR,#wendu
   \   000077   E0           MOVX    A,@DPTR
   \   000078   C0E0         PUSH    A
   \   00007A   7401         MOV     A,#0x1
   \   00007C   12....       LCALL   ?XSTACK_DISP0_8
   \   00007F   D0E0         POP     A
   \   000081   F0           MOVX    @DPTR,A
    461            str[2] = shidu;//湿度
   \   000082   90....       MOV     DPTR,#shidu
   \   000085   E0           MOVX    A,@DPTR
   \   000086   C0E0         PUSH    A
   \   000088   7402         MOV     A,#0x2
   \   00008A   12....       LCALL   ?XSTACK_DISP0_8
   \   00008D   D0E0         POP     A
   \   00008F   F0           MOVX    @DPTR,A
    462            
    463            str[4] = light&0xFF;    //光照数据后8位
   \   000090   90....       MOV     DPTR,#light
   \   000093   E0           MOVX    A,@DPTR
   \   000094   C0E0         PUSH    A
   \   000096   7404         MOV     A,#0x4
   \   000098   12....       LCALL   ?XSTACK_DISP0_8
   \   00009B   D0E0         POP     A
   \   00009D   F0           MOVX    @DPTR,A
    464            light >>= 8;
    465            str[3] = light&0xFF;    //光照数据前8位
   \   00009E   90....       MOV     DPTR,#light + 1
   \   0000A1   E0           MOVX    A,@DPTR
   \   0000A2   C0E0         PUSH    A
   \   0000A4   7403         MOV     A,#0x3
   \   0000A6   12....       LCALL   ?XSTACK_DISP0_8
   \   0000A9   D0E0         POP     A
   \   0000AB   F0           MOVX    @DPTR,A
    466            
    467            str[6] = bat&0xFF;    //电量数据后8位
   \   0000AC   90....       MOV     DPTR,#bat
   \   0000AF   E0           MOVX    A,@DPTR
   \   0000B0   C0E0         PUSH    A
   \   0000B2   7406         MOV     A,#0x6
   \   0000B4   12....       LCALL   ?XSTACK_DISP0_8
   \   0000B7   D0E0         POP     A
   \   0000B9   F0           MOVX    @DPTR,A
    468            light >>= 8;
   \   0000BA   90....       MOV     DPTR,#light
   \   0000BD   E4           CLR     A
   \   0000BE   F0           MOVX    @DPTR,A
   \   0000BF   A3           INC     DPTR
   \   0000C0   F0           MOVX    @DPTR,A
    469            str[5] = bat&0xFF;    //电量数据前8位  
   \   0000C1   90....       MOV     DPTR,#bat
   \   0000C4   E0           MOVX    A,@DPTR
   \   0000C5   C0E0         PUSH    A
   \   0000C7   7405         MOV     A,#0x5
   \   0000C9   12....       LCALL   ?XSTACK_DISP0_8
   \   0000CC   D0E0         POP     A
   \   0000CE   F0           MOVX    @DPTR,A
    470          
    471            len=7;
    472          
    473            sprintf(strTemp, "T:%d H:%d L:%u", wendu,shidu,light);
                           ^
Warning[Pe167]: argument of type "unsigned char *" is incompatible with
          parameter of type "char *"
   \   0000CF                ; Setup parameters for call to function sprintf
   \   0000CF   E4           CLR     A
   \   0000D0   F5..         MOV     ?V0 + 0,A
   \   0000D2   F5..         MOV     ?V0 + 1,A
   \   0000D4   78..         MOV     R0,#?V0 + 0
   \   0000D6   12....       LCALL   ?PUSH_XSTACK_I_TWO
   \   0000D9   90....       MOV     DPTR,#shidu
   \   0000DC   E0           MOVX    A,@DPTR
   \   0000DD   F5..         MOV     ?V0 + 0,A
   \   0000DF   78..         MOV     R0,#?V0 + 0
   \   0000E1   12....       LCALL   ?PUSH_XSTACK_I_TWO
   \   0000E4   90....       MOV     DPTR,#wendu
   \   0000E7   E0           MOVX    A,@DPTR
   \   0000E8   F5..         MOV     ?V0 + 0,A
   \   0000EA   78..         MOV     R0,#?V0 + 0
   \   0000EC   12....       LCALL   ?PUSH_XSTACK_I_TWO
   \   0000EF   7C..         MOV     R4,#`?<Constant "T:%d H:%d L:%u">` & 0xff
   \   0000F1   7D..         MOV     R5,#(`?<Constant "T:%d H:%d L:%u">` >> 8) & 0xff
   \   0000F3   740D         MOV     A,#0xd
   \   0000F5   12....       LCALL   ?XSTACK_DISP0_8
   \   0000F8   AA82         MOV     R2,DPL
   \   0000FA   AB83         MOV     R3,DPH
   \   0000FC   12....       LCALL   ??sprintf?relay
   \   0000FF   7406         MOV     A,#0x6
   \   000101   12....       LCALL   ?DEALLOC_XSTACK8
    474          
    475            HalUARTWrite(0, strTemp, osal_strlen(strTemp));           //串口输出提示信息
                                                        ^
Warning[Pe167]: argument of type "unsigned char *" is incompatible with
          parameter of type "char *"

  static afAddrType_t SampleApp_TxAddr;
                      ^
"C:\Users\蕾雅\Desktop\stm32\ZStack-2.5.1a\Projects\zstack\Samples\SampleApp\Source\SampleApp.c",132  Warning[Pe177]: 
          variable "SampleApp_TxAddr" was declared but never referenced

  static uint8 SampleApp_TxSeq;
               ^
"C:\Users\蕾雅\Desktop\stm32\ZStack-2.5.1a\Projects\zstack\Samples\SampleApp\Source\SampleApp.c",133  Warning[Pe177]: 
          variable "SampleApp_TxSeq" was declared but never referenced

  static afAddrType_t SampleApp_RxAddr;
                      ^
"C:\Users\蕾雅\Desktop\stm32\ZStack-2.5.1a\Projects\zstack\Samples\SampleApp\Source\SampleApp.c",137  Warning[Pe177]: 
          variable "SampleApp_RxAddr" was declared but never referenced

  static uint8 SampleApp_RxSeq;
               ^
"C:\Users\蕾雅\Desktop\stm32\ZStack-2.5.1a\Projects\zstack\Samples\SampleApp\Source\SampleApp.c",138  Warning[Pe550]: 
          variable "SampleApp_RxSeq" was set but never used

  static uint8 SampleApp_RspBuf[SAMPLE_APP_RSP_CNT];
               ^
"C:\Users\蕾雅\Desktop\stm32\ZStack-2.5.1a\Projects\zstack\Samples\SampleApp\Source\SampleApp.c",139  Warning[Pe177]: 
          variable "SampleApp_RspBuf" was declared but never referenced
   \   000104                ; Setup parameters for call to function HalUARTWrite
   \   000104                ; Setup parameters for call to function osal_strlen
   \   000104   7407         MOV     A,#0x7
   \   000106   12....       LCALL   ?XSTACK_DISP0_8
   \   000109   AA82         MOV     R2,DPL
   \   00010B   AB83         MOV     R3,DPH
   \   00010D   12....       LCALL   ??osal_strlen?relay
   \   000110   EA           MOV     A,R2
   \   000111   FC           MOV     R4,A
   \   000112   EB           MOV     A,R3
   \   000113   FD           MOV     R5,A
   \   000114   7407         MOV     A,#0x7
   \   000116   12....       LCALL   ?XSTACK_DISP0_8
   \   000119   AA82         MOV     R2,DPL
   \   00011B   AB83         MOV     R3,DPH
   \   00011D   7900         MOV     R1,#0x0
   \   00011F   12....       LCALL   ??HalUARTWrite?relay
    476            HalUARTWrite(0, "\r\n",2);
   \   000122                ; Setup parameters for call to function HalUARTWrite
   \   000122   7C02         MOV     R4,#0x2
   \   000124   7D00         MOV     R5,#0x0
   \   000126   7A..         MOV     R2,#`?<Constant "\\r\\n">` & 0xff
   \   000128   7B..         MOV     R3,#(`?<Constant "\\r\\n">` >> 8) & 0xff
   \   00012A   7900         MOV     R1,#0x0
   \   00012C   12....       LCALL   ??HalUARTWrite?relay
    477          
    478            //无线发送到协调器
    479            if ( AF_DataRequest( &SampleApp_P2P_DstAddr, &SampleApp_epDesc,
    480                                 SAMPLEAPP_P2P_CLUSTERID,
    481                                 len,
    482                                 str,
    483                                 &SampleApp_MsgID,
    484                                 AF_DISCV_ROUTE,
    485                                 AF_DEFAULT_RADIUS ) == afStatus_SUCCESS )
   \   00012F                ; Setup parameters for call to function AF_DataRequest
   \   00012F   75..1E       MOV     ?V0 + 0,#0x1e
   \   000132   78..         MOV     R0,#?V0 + 0
   \   000134   12....       LCALL   ?PUSH_XSTACK_I_ONE
   \   000137   75....       MOV     ?V0 + 0,#SampleApp_MsgID & 0xff
   \   00013A   75....       MOV     ?V0 + 1,#(SampleApp_MsgID >> 8) & 0xff
   \   00013D   78..         MOV     R0,#?V0 + 0
   \   00013F   12....       LCALL   ?PUSH_XSTACK_I_TWO
   \   000142   7403         MOV     A,#0x3
   \   000144   12....       LCALL   ?XSTACK_DISP0_8
   \   000147   8582..       MOV     ?V0 + 0,DPL
   \   00014A   8583..       MOV     ?V0 + 1,DPH
   \   00014D   78..         MOV     R0,#?V0 + 0
   \   00014F   12....       LCALL   ?PUSH_XSTACK_I_TWO
   \   000152   75..07       MOV     ?V0 + 0,#0x7
   \   000155   75..00       MOV     ?V0 + 1,#0x0
   \   000158   78..         MOV     R0,#?V0 + 0
   \   00015A   12....       LCALL   ?PUSH_XSTACK_I_TWO
   \   00015D   75..01       MOV     ?V0 + 0,#0x1
   \   000160   78..         MOV     R0,#?V0 + 0
   \   000162   12....       LCALL   ?PUSH_XSTACK_I_TWO
   \   000165   7920         MOV     R1,#0x20
   \   000167   7C..         MOV     R4,#SampleApp_epDesc & 0xff
   \   000169   7D..         MOV     R5,#(SampleApp_epDesc >> 8) & 0xff
   \   00016B   7A..         MOV     R2,#SampleApp_P2P_DstAddr & 0xff
   \   00016D   7B..         MOV     R3,#(SampleApp_P2P_DstAddr >> 8) & 0xff
   \   00016F   12....       LCALL   ??AF_DataRequest?relay
   \   000172   7409         MOV     A,#0x9
   \   000174   12....       LCALL   ?DEALLOC_XSTACK8
    486            {
    487            }
    488            else
    489            {
    490              // Error occurred in request to send.
    491            }
    492          }
   \   000177   741B         MOV     A,#0x1b
   \   000179   12....       LCALL   ?DEALLOC_XSTACK8
   \   00017C   7F08         MOV     R7,#0x8
   \   00017E   02....       LJMP    ?BANKED_LEAVE_XDATA

   \                                 In  segment XDATA_ID, align 1, keep-with-next
   \                     `?<Initializer for SampleApp_epDesc>`:
   \   000000   0B           DB 11
   \   000001   ....         DW SampleApp_TaskID
   \   000003   ....         DW SampleApp_SimpleDesc
   \   000005   00           DB 0

   \                                 In  segment BANK_RELAYS, align 1
   \                     ??SampleApp_Init?relay:
   \   000000   12....       LCALL   ?BDISPATCH
   \   000003   ......       DC24    SampleApp_Init

   \                                 In  segment BANK_RELAYS, align 1
   \                     ??SampleApp_ProcessEvent?relay:
   \   000000   12....       LCALL   ?BDISPATCH
   \   000003   ......       DC24    SampleApp_ProcessEvent

   \                                 In  segment BANK_RELAYS, align 1
   \                     ??SampleApp_ProcessMSGCmd?relay:
   \   000000   12....       LCALL   ?BDISPATCH
   \   000003   ......       DC24    SampleApp_ProcessMSGCmd

   \                                 In  segment BANK_RELAYS, align 1
   \                     ??SampleApp_CallBack?relay:
   \   000000   12....       LCALL   ?BDISPATCH
   \   000003   ......       DC24    SampleApp_CallBack

   \                                 In  segment BANK_RELAYS, align 1
   \                     ??SampleApp_Send_P2P_Message?relay:
   \   000000   12....       LCALL   ?BDISPATCH
   \   000003   ......       DC24    SampleApp_Send_P2P_Message

   \                                 In  segment XDATA_ROM_C, align 1
   \                     `?<Constant {0}>`:
   \   000000   00           DB 0
   \   000001   00000000     DB 0, 0, 0, 0, 0, 0
   \            0000    

   \                                 In  segment XDATA_ROM_C, align 1
   \                     `?<Constant {0}>_1`:
   \   000000   00           DB 0
   \   000001   00000000     DB 0, 0, 0, 0, 0, 0, 0, 0
   \            00000000
   \   000009   00000000     DB 0, 0, 0, 0, 0, 0, 0, 0
   \            00000000
   \   000011   000000       DB 0, 0, 0

   \                                 In  segment XDATA_ROM_C, align 1
   \                     `?<Constant "T:%d H:%d L:%u">`:
   \   000000   543A2564     DB "T:%d H:%d L:%u"
   \            20483A25
   \            64204C3A
   \            257500  

   \                                 In  segment XDATA_ROM_C, align 1
   \                     `?<Constant "\\r\\n">`:
   \   000000   0D0A00       DB "\015\012"

   \                                 In  segment XDATA_ROM_C, align 1
   \                     __Constant_3e8:
   \   000000   E8030000     DD 1000

   Maximum stack usage in bytes:

     Function                       ISTACK PSTACK XSTACK
     --------                       ------ ------ ------
     SampleApp_CallBack                 0      0     10
       -> HalUARTRead                   0      0     20
     SampleApp_Init                     0      0     10
       -> MT_UartInit                   0      0     20
       -> MT_UartRegisterTaskID         0      0     20
       -> afRegister                    0      0     20
       -> RegisterForKeys               0      0     20
       -> B_LUX30_Init                  0      0     20
       -> Init_ADC0                     0      0     20
     SampleApp_ProcessEvent             0      0     12
       -> SampleApp_Send_P2P_Message
                                        0      0     24
       -> osal_rand                     0      0     24
       -> osal_start_timerEx            0      0     24
       -> osal_start_timerEx            0      0     24
       -> osal_msg_deallocate           0      0     24
       -> osal_msg_receive              0      0     24
       -> SampleApp_ProcessMSGCmd       0      0     24
     SampleApp_ProcessMSGCmd            0      0     12
     SampleApp_Send_P2P_Message         2      0     64
       -> DHT11                         0      0     86
       -> B_LUX30_GetLux                0      0     86
       -> Get_ADC                       0      0     86
       -> sprintf                       0      0     98
       -> osal_strlen                   0      0     86
       -> HalUARTWrite                  0      0     86
       -> HalUARTWrite                  0      0     86
       -> AF_DataRequest                0      0    104


   Segment part sizes:

     Function/Label                      Bytes
     --------------                      -----
     SampleApp_ClusterList                  4
     SampleApp_SimpleDesc                  12
     SampleApp_epDesc                       6
     SampleApp_NwkState                     1
     SampleApp_TaskID                       1
     SampleApp_MsgID                        1
     SampleApp_Periodic_DstAddr            12
     SampleApp_Flash_DstAddr               12
     SampleApp_P2P_DstAddr                 12
     SampleApp_TxBuf                       81
     SampleApp_TxLen                        1
     SampleApp_RxSeq                        1
     temp1Int                               1
     temp2Int                               1
     temp3Int                               1
     hum1Int                                1
     hum2Int                                1
     hum3Int                                1
     light1Int                              2
     light2Int                              2
     light3Int                              2
     light32                                4
     light                                  2
     state1Int                              1
     state2Int                              1
     state3Int                              1
     bat1                                   2
     bat2                                   2
     bat3                                   2
     bat                                    2
     SampleApp_Init                       107
     ?Subroutine0                           5
     SampleApp_ProcessEvent               148
     SampleApp_ProcessMSGCmd                3
     SampleApp_CallBack                    44
     SampleApp_Send_P2P_Message           385
     ?<Initializer for SampleApp_epDesc>    6
     ??SampleApp_Init?relay                 6
     ??SampleApp_ProcessEvent?relay         6
     ??SampleApp_ProcessMSGCmd?relay        6
     ??SampleApp_CallBack?relay             6
     ??SampleApp_Send_P2P_Message?relay     6
     ?<Constant {0}>                        7
     ?<Constant {0}>_1                     20
     ?<Constant "T:%d H:%d L:%u">          15
     ?<Constant "\r\n">                     3
     __Constant_3e8                         4

 
 692 bytes in segment BANKED_CODE
  30 bytes in segment BANK_RELAYS
   6 bytes in segment XDATA_I
   6 bytes in segment XDATA_ID
  65 bytes in segment XDATA_ROM_C
 151 bytes in segment XDATA_Z
 
 728 bytes of CODE  memory
  61 bytes of CONST memory (+ 4 bytes shared)
 157 bytes of XDATA memory

Errors: none
Warnings: 11
